<?xml version="1.0" encoding="UTF-8"?>
<testng-results ignored="0" total="1" passed="1" failed="0" skipped="0">
  <reporter-output>
  </reporter-output>
  <suite started-at="2025-06-07T21:19:17 IST" name="Default suite" finished-at="2025-06-07T21:19:17 IST" duration-ms="187">
    <groups>
    </groups>
    <test started-at="2025-06-07T21:19:17 IST" name="Default test" finished-at="2025-06-07T21:19:17 IST" duration-ms="187">
      <class name="ProductTest.ProdTest">
        <test-method signature="setup()[pri:0, instance:ProductTest.ProdTest@7b9a4292]" started-at="2025-06-07T21:19:17 IST" name="setup" finished-at="2025-06-07T21:19:17 IST" duration-ms="34" status="PASS">
          <reporter-output>
          </reporter-output>
        </test-method> <!-- setup -->
      </class> <!-- ProductTest.ProdTest -->
    </test> <!-- Default test -->
  </suite> <!-- Default suite -->
</testng-results>
